2024-10-11 10:25:29.087 [info] Extension host with pid 17368 started
2024-10-11 10:25:29.101 [info] Lock '/home/dannydevelops82/.vscode-server/data/User/workspaceStorage/2819f2fbcfda105e92f202ea9abf0357/vscode.lock': Lock acquired.
2024-10-11 10:25:29.132 [info] ExtensionService#_doActivateExtension vscode.git-base, startup: true, activationEvent: '*', root cause: vscode.git
2024-10-11 10:25:29.201 [info] ExtensionService#_doActivateExtension vscode.git, startup: true, activationEvent: '*'
2024-10-11 10:25:29.202 [info] ExtensionService#_doActivateExtension vscode.github, startup: true, activationEvent: '*'
2024-10-11 10:25:29.476 [info] Eager extensions activated
2024-10-11 10:25:29.476 [info] ExtensionService#_doActivateExtension vscode.debug-auto-launch, startup: false, activationEvent: 'onStartupFinished'
2024-10-11 10:25:29.477 [info] ExtensionService#_doActivateExtension vscode.merge-conflict, startup: false, activationEvent: 'onStartupFinished'
2024-10-11 10:25:29.477 [info] ExtensionService#_doActivateExtension ritwickdey.LiveServer, startup: false, activationEvent: 'onStartupFinished'
2024-10-11 10:25:29.958 [warning] [Decorations] CAPPING events from decorations provider vscode.git 6332
2024-10-11 10:25:30.551 [info] ExtensionService#_doActivateExtension vscode.emmet, startup: false, activationEvent: 'onLanguage'
2024-10-11 10:25:30.711 [warning] [Decorations] CAPPING events from decorations provider vscode.git 6332
2024-10-11 10:25:41.232 [info] Extension host terminating: received terminate message from renderer
2024-10-11 10:25:41.232 [info] Lock '/home/dannydevelops82/.vscode-server/data/User/workspaceStorage/2819f2fbcfda105e92f202ea9abf0357/vscode.lock': Marking the lockfile as scheduled to be released in 6000 ms.
2024-10-11 10:25:41.321 [error] Canceled: Canceled
	at new eA (file:///home/dannydevelops82/.vscode-server/bin/e10f2369d0d9614a452462f2e01cdc4aa9486296/out/vs/workbench/api/node/extensionHostProcess.js:31:151177)
	at Zb.U (file:///home/dannydevelops82/.vscode-server/bin/e10f2369d0d9614a452462f2e01cdc4aa9486296/out/vs/workbench/api/node/extensionHostProcess.js:31:155789)
	at s.<computed>.n.charCodeAt.s.<computed> (file:///home/dannydevelops82/.vscode-server/bin/e10f2369d0d9614a452462f2e01cdc4aa9486296/out/vs/workbench/api/node/extensionHostProcess.js:31:153283)
	at T0.g (file:///home/dannydevelops82/.vscode-server/bin/e10f2369d0d9614a452462f2e01cdc4aa9486296/out/vs/workbench/api/node/extensionHostProcess.js:114:32325)
	at T0.executeCommand (file:///home/dannydevelops82/.vscode-server/bin/e10f2369d0d9614a452462f2e01cdc4aa9486296/out/vs/workbench/api/node/extensionHostProcess.js:114:31826)
	at r.registerCommand.description (file:///home/dannydevelops82/.vscode-server/bin/e10f2369d0d9614a452462f2e01cdc4aa9486296/out/vs/workbench/api/node/extensionHostProcess.js:114:31156)
	at T0.h (file:///home/dannydevelops82/.vscode-server/bin/e10f2369d0d9614a452462f2e01cdc4aa9486296/out/vs/workbench/api/node/extensionHostProcess.js:114:32845)
	at T0.g (file:///home/dannydevelops82/.vscode-server/bin/e10f2369d0d9614a452462f2e01cdc4aa9486296/out/vs/workbench/api/node/extensionHostProcess.js:114:31919)
	at T0.executeCommand (file:///home/dannydevelops82/.vscode-server/bin/e10f2369d0d9614a452462f2e01cdc4aa9486296/out/vs/workbench/api/node/extensionHostProcess.js:114:31826)
	at Object.executeCommand (file:///home/dannydevelops82/.vscode-server/bin/e10f2369d0d9614a452462f2e01cdc4aa9486296/out/vs/workbench/api/node/extensionHostProcess.js:156:37049)
	at gh.O [as value] (/home/dannydevelops82/.vscode-server/bin/e10f2369d0d9614a452462f2e01cdc4aa9486296/extensions/git/dist/main.js:2:953034)
	at T.B (file:///home/dannydevelops82/.vscode-server/bin/e10f2369d0d9614a452462f2e01cdc4aa9486296/out/vs/workbench/api/node/extensionHostProcess.js:29:732)
	at T.C (file:///home/dannydevelops82/.vscode-server/bin/e10f2369d0d9614a452462f2e01cdc4aa9486296/out/vs/workbench/api/node/extensionHostProcess.js:29:802)
	at T.fire (file:///home/dannydevelops82/.vscode-server/bin/e10f2369d0d9614a452462f2e01cdc4aa9486296/out/vs/workbench/api/node/extensionHostProcess.js:29:1019)
	at Object.p [as dispose] (/home/dannydevelops82/.vscode-server/bin/e10f2369d0d9614a452462f2e01cdc4aa9486296/extensions/git/dist/main.js:2:973612)
	at /home/dannydevelops82/.vscode-server/bin/e10f2369d0d9614a452462f2e01cdc4aa9486296/extensions/git/dist/main.js:2:979734
	at Array.forEach (<anonymous>)
	at f.dispose (/home/dannydevelops82/.vscode-server/bin/e10f2369d0d9614a452462f2e01cdc4aa9486296/extensions/git/dist/main.js:2:979720)
	at D1.<anonymous> (file:///home/dannydevelops82/.vscode-server/bin/e10f2369d0d9614a452462f2e01cdc4aa9486296/out/vs/workbench/api/node/extensionHostProcess.js:108:19996)
	at D1.dispose (file:///home/dannydevelops82/.vscode-server/bin/e10f2369d0d9614a452462f2e01cdc4aa9486296/out/vs/workbench/api/node/extensionHostProcess.js:108:20092)
	at D1.<anonymous> (/home/dannydevelops82/.vscode-server/bin/e10f2369d0d9614a452462f2e01cdc4aa9486296/extensions/git/dist/main.js:2:955332)
	at D1.dispose (file:///home/dannydevelops82/.vscode-server/bin/e10f2369d0d9614a452462f2e01cdc4aa9486296/out/vs/workbench/api/node/extensionHostProcess.js:108:20092)
	at Si (file:///home/dannydevelops82/.vscode-server/bin/e10f2369d0d9614a452462f2e01cdc4aa9486296/out/vs/workbench/api/node/extensionHostProcess.js:24:701)
	at file:///home/dannydevelops82/.vscode-server/bin/e10f2369d0d9614a452462f2e01cdc4aa9486296/out/vs/workbench/api/node/extensionHostProcess.js:118:14995
	at file:///home/dannydevelops82/.vscode-server/bin/e10f2369d0d9614a452462f2e01cdc4aa9486296/out/vs/workbench/api/node/extensionHostProcess.js:24:1011
	at Object.dispose (file:///home/dannydevelops82/.vscode-server/bin/e10f2369d0d9614a452462f2e01cdc4aa9486296/out/vs/workbench/api/node/extensionHostProcess.js:7:2146)
	at hB.eb (file:///home/dannydevelops82/.vscode-server/bin/e10f2369d0d9614a452462f2e01cdc4aa9486296/out/vs/workbench/api/node/extensionHostProcess.js:118:11922)
	at file:///home/dannydevelops82/.vscode-server/bin/e10f2369d0d9614a452462f2e01cdc4aa9486296/out/vs/workbench/api/node/extensionHostProcess.js:118:9877
	at Array.map (<anonymous>)
	at hB.$ (file:///home/dannydevelops82/.vscode-server/bin/e10f2369d0d9614a452462f2e01cdc4aa9486296/out/vs/workbench/api/node/extensionHostProcess.js:118:9865)
	at hB.terminate (file:///home/dannydevelops82/.vscode-server/bin/e10f2369d0d9614a452462f2e01cdc4aa9486296/out/vs/workbench/api/node/extensionHostProcess.js:118:10108)
	at M3.terminate (file:///home/dannydevelops82/.vscode-server/bin/e10f2369d0d9614a452462f2e01cdc4aa9486296/out/vs/workbench/api/node/extensionHostProcess.js:119:1424)
	at ps (file:///home/dannydevelops82/.vscode-server/bin/e10f2369d0d9614a452462f2e01cdc4aa9486296/out/vs/workbench/api/node/extensionHostProcess.js:174:15058)
	at gh.value (file:///home/dannydevelops82/.vscode-server/bin/e10f2369d0d9614a452462f2e01cdc4aa9486296/out/vs/workbench/api/node/extensionHostProcess.js:174:13218)
	at T.B (file:///home/dannydevelops82/.vscode-server/bin/e10f2369d0d9614a452462f2e01cdc4aa9486296/out/vs/workbench/api/node/extensionHostProcess.js:29:732)
	at T.fire (file:///home/dannydevelops82/.vscode-server/bin/e10f2369d0d9614a452462f2e01cdc4aa9486296/out/vs/workbench/api/node/extensionHostProcess.js:29:950)
	at no.fire (file:///home/dannydevelops82/.vscode-server/bin/e10f2369d0d9614a452462f2e01cdc4aa9486296/out/vs/workbench/api/node/extensionHostProcess.js:31:9399)
	at Im.A (file:///home/dannydevelops82/.vscode-server/bin/e10f2369d0d9614a452462f2e01cdc4aa9486296/out/vs/workbench/api/node/extensionHostProcess.js:31:12515)
	at gh.value (file:///home/dannydevelops82/.vscode-server/bin/e10f2369d0d9614a452462f2e01cdc4aa9486296/out/vs/workbench/api/node/extensionHostProcess.js:31:10935)
	at T.B (file:///home/dannydevelops82/.vscode-server/bin/e10f2369d0d9614a452462f2e01cdc4aa9486296/out/vs/workbench/api/node/extensionHostProcess.js:29:732)
	at T.fire (file:///home/dannydevelops82/.vscode-server/bin/e10f2369d0d9614a452462f2e01cdc4aa9486296/out/vs/workbench/api/node/extensionHostProcess.js:29:950)
	at m5.acceptChunk (file:///home/dannydevelops82/.vscode-server/bin/e10f2369d0d9614a452462f2e01cdc4aa9486296/out/vs/workbench/api/node/extensionHostProcess.js:31:7880)
	at gh.value (file:///home/dannydevelops82/.vscode-server/bin/e10f2369d0d9614a452462f2e01cdc4aa9486296/out/vs/workbench/api/node/extensionHostProcess.js:31:7166)
	at T.B (file:///home/dannydevelops82/.vscode-server/bin/e10f2369d0d9614a452462f2e01cdc4aa9486296/out/vs/workbench/api/node/extensionHostProcess.js:29:732)
	at T.fire (file:///home/dannydevelops82/.vscode-server/bin/e10f2369d0d9614a452462f2e01cdc4aa9486296/out/vs/workbench/api/node/extensionHostProcess.js:29:950)
	at _2.z (file:///home/dannydevelops82/.vscode-server/bin/e10f2369d0d9614a452462f2e01cdc4aa9486296/out/vs/workbench/api/node/extensionHostProcess.js:31:21892)
	at _2.acceptFrame (file:///home/dannydevelops82/.vscode-server/bin/e10f2369d0d9614a452462f2e01cdc4aa9486296/out/vs/workbench/api/node/extensionHostProcess.js:31:21698)
	at z2.n (file:///home/dannydevelops82/.vscode-server/bin/e10f2369d0d9614a452462f2e01cdc4aa9486296/out/vs/workbench/api/node/extensionHostProcess.js:31:20224)
	at file:///home/dannydevelops82/.vscode-server/bin/e10f2369d0d9614a452462f2e01cdc4aa9486296/out/vs/workbench/api/node/extensionHostProcess.js:31:17454
	at Socket.t (file:///home/dannydevelops82/.vscode-server/bin/e10f2369d0d9614a452462f2e01cdc4aa9486296/out/vs/workbench/api/node/extensionHostProcess.js:31:15393)
	at Socket.emit (node:events:519:28)
	at addChunk (node:internal/streams/readable:559:12)
	at readableAddChunkPushByteMode (node:internal/streams/readable:510:3)
	at Readable.push (node:internal/streams/readable:390:5)
	at TCP.onStreamRead (node:internal/stream_base_commons:191:23) setContext undefined
2024-10-11 10:25:41.322 [error] Canceled: Canceled
	at new eA (file:///home/dannydevelops82/.vscode-server/bin/e10f2369d0d9614a452462f2e01cdc4aa9486296/out/vs/workbench/api/node/extensionHostProcess.js:31:151177)
	at Zb.U (file:///home/dannydevelops82/.vscode-server/bin/e10f2369d0d9614a452462f2e01cdc4aa9486296/out/vs/workbench/api/node/extensionHostProcess.js:31:155789)
	at s.<computed>.n.charCodeAt.s.<computed> (file:///home/dannydevelops82/.vscode-server/bin/e10f2369d0d9614a452462f2e01cdc4aa9486296/out/vs/workbench/api/node/extensionHostProcess.js:31:153283)
	at T0.g (file:///home/dannydevelops82/.vscode-server/bin/e10f2369d0d9614a452462f2e01cdc4aa9486296/out/vs/workbench/api/node/extensionHostProcess.js:114:32325)
	at T0.executeCommand (file:///home/dannydevelops82/.vscode-server/bin/e10f2369d0d9614a452462f2e01cdc4aa9486296/out/vs/workbench/api/node/extensionHostProcess.js:114:31826)
	at r.registerCommand.description (file:///home/dannydevelops82/.vscode-server/bin/e10f2369d0d9614a452462f2e01cdc4aa9486296/out/vs/workbench/api/node/extensionHostProcess.js:114:31156)
	at T0.h (file:///home/dannydevelops82/.vscode-server/bin/e10f2369d0d9614a452462f2e01cdc4aa9486296/out/vs/workbench/api/node/extensionHostProcess.js:114:32845)
	at T0.g (file:///home/dannydevelops82/.vscode-server/bin/e10f2369d0d9614a452462f2e01cdc4aa9486296/out/vs/workbench/api/node/extensionHostProcess.js:114:31919)
	at T0.executeCommand (file:///home/dannydevelops82/.vscode-server/bin/e10f2369d0d9614a452462f2e01cdc4aa9486296/out/vs/workbench/api/node/extensionHostProcess.js:114:31826)
	at Object.executeCommand (file:///home/dannydevelops82/.vscode-server/bin/e10f2369d0d9614a452462f2e01cdc4aa9486296/out/vs/workbench/api/node/extensionHostProcess.js:156:37049)
	at set hasGitHubRepositories [as hasGitHubRepositories] (/home/dannydevelops82/.vscode-server/bin/e10f2369d0d9614a452462f2e01cdc4aa9486296/extensions/github/dist/extension.js:2:321578)
	at /home/dannydevelops82/.vscode-server/bin/e10f2369d0d9614a452462f2e01cdc4aa9486296/extensions/github/dist/extension.js:2:322537
	at gh.value (/home/dannydevelops82/.vscode-server/bin/e10f2369d0d9614a452462f2e01cdc4aa9486296/extensions/git/dist/main.js:2:1061875)
	at T.B (file:///home/dannydevelops82/.vscode-server/bin/e10f2369d0d9614a452462f2e01cdc4aa9486296/out/vs/workbench/api/node/extensionHostProcess.js:29:732)
	at T.C (file:///home/dannydevelops82/.vscode-server/bin/e10f2369d0d9614a452462f2e01cdc4aa9486296/out/vs/workbench/api/node/extensionHostProcess.js:29:802)
	at T.fire (file:///home/dannydevelops82/.vscode-server/bin/e10f2369d0d9614a452462f2e01cdc4aa9486296/out/vs/workbench/api/node/extensionHostProcess.js:29:1019)
	at Object.p [as dispose] (/home/dannydevelops82/.vscode-server/bin/e10f2369d0d9614a452462f2e01cdc4aa9486296/extensions/git/dist/main.js:2:973612)
	at /home/dannydevelops82/.vscode-server/bin/e10f2369d0d9614a452462f2e01cdc4aa9486296/extensions/git/dist/main.js:2:979734
	at Array.forEach (<anonymous>)
	at f.dispose (/home/dannydevelops82/.vscode-server/bin/e10f2369d0d9614a452462f2e01cdc4aa9486296/extensions/git/dist/main.js:2:979720)
	at D1.<anonymous> (file:///home/dannydevelops82/.vscode-server/bin/e10f2369d0d9614a452462f2e01cdc4aa9486296/out/vs/workbench/api/node/extensionHostProcess.js:108:19996)
	at D1.dispose (file:///home/dannydevelops82/.vscode-server/bin/e10f2369d0d9614a452462f2e01cdc4aa9486296/out/vs/workbench/api/node/extensionHostProcess.js:108:20092)
	at D1.<anonymous> (/home/dannydevelops82/.vscode-server/bin/e10f2369d0d9614a452462f2e01cdc4aa9486296/extensions/git/dist/main.js:2:955332)
	at D1.dispose (file:///home/dannydevelops82/.vscode-server/bin/e10f2369d0d9614a452462f2e01cdc4aa9486296/out/vs/workbench/api/node/extensionHostProcess.js:108:20092)
	at Si (file:///home/dannydevelops82/.vscode-server/bin/e10f2369d0d9614a452462f2e01cdc4aa9486296/out/vs/workbench/api/node/extensionHostProcess.js:24:701)
	at file:///home/dannydevelops82/.vscode-server/bin/e10f2369d0d9614a452462f2e01cdc4aa9486296/out/vs/workbench/api/node/extensionHostProcess.js:118:14995
	at file:///home/dannydevelops82/.vscode-server/bin/e10f2369d0d9614a452462f2e01cdc4aa9486296/out/vs/workbench/api/node/extensionHostProcess.js:24:1011
	at Object.dispose (file:///home/dannydevelops82/.vscode-server/bin/e10f2369d0d9614a452462f2e01cdc4aa9486296/out/vs/workbench/api/node/extensionHostProcess.js:7:2146)
	at hB.eb (file:///home/dannydevelops82/.vscode-server/bin/e10f2369d0d9614a452462f2e01cdc4aa9486296/out/vs/workbench/api/node/extensionHostProcess.js:118:11922)
	at file:///home/dannydevelops82/.vscode-server/bin/e10f2369d0d9614a452462f2e01cdc4aa9486296/out/vs/workbench/api/node/extensionHostProcess.js:118:9877
	at Array.map (<anonymous>)
	at hB.$ (file:///home/dannydevelops82/.vscode-server/bin/e10f2369d0d9614a452462f2e01cdc4aa9486296/out/vs/workbench/api/node/extensionHostProcess.js:118:9865)
	at hB.terminate (file:///home/dannydevelops82/.vscode-server/bin/e10f2369d0d9614a452462f2e01cdc4aa9486296/out/vs/workbench/api/node/extensionHostProcess.js:118:10108)
	at M3.terminate (file:///home/dannydevelops82/.vscode-server/bin/e10f2369d0d9614a452462f2e01cdc4aa9486296/out/vs/workbench/api/node/extensionHostProcess.js:119:1424)
	at ps (file:///home/dannydevelops82/.vscode-server/bin/e10f2369d0d9614a452462f2e01cdc4aa9486296/out/vs/workbench/api/node/extensionHostProcess.js:174:15058)
	at gh.value (file:///home/dannydevelops82/.vscode-server/bin/e10f2369d0d9614a452462f2e01cdc4aa9486296/out/vs/workbench/api/node/extensionHostProcess.js:174:13218)
	at T.B (file:///home/dannydevelops82/.vscode-server/bin/e10f2369d0d9614a452462f2e01cdc4aa9486296/out/vs/workbench/api/node/extensionHostProcess.js:29:732)
	at T.fire (file:///home/dannydevelops82/.vscode-server/bin/e10f2369d0d9614a452462f2e01cdc4aa9486296/out/vs/workbench/api/node/extensionHostProcess.js:29:950)
	at no.fire (file:///home/dannydevelops82/.vscode-server/bin/e10f2369d0d9614a452462f2e01cdc4aa9486296/out/vs/workbench/api/node/extensionHostProcess.js:31:9399)
	at Im.A (file:///home/dannydevelops82/.vscode-server/bin/e10f2369d0d9614a452462f2e01cdc4aa9486296/out/vs/workbench/api/node/extensionHostProcess.js:31:12515)
	at gh.value (file:///home/dannydevelops82/.vscode-server/bin/e10f2369d0d9614a452462f2e01cdc4aa9486296/out/vs/workbench/api/node/extensionHostProcess.js:31:10935)
	at T.B (file:///home/dannydevelops82/.vscode-server/bin/e10f2369d0d9614a452462f2e01cdc4aa9486296/out/vs/workbench/api/node/extensionHostProcess.js:29:732)
	at T.fire (file:///home/dannydevelops82/.vscode-server/bin/e10f2369d0d9614a452462f2e01cdc4aa9486296/out/vs/workbench/api/node/extensionHostProcess.js:29:950)
	at m5.acceptChunk (file:///home/dannydevelops82/.vscode-server/bin/e10f2369d0d9614a452462f2e01cdc4aa9486296/out/vs/workbench/api/node/extensionHostProcess.js:31:7880)
	at gh.value (file:///home/dannydevelops82/.vscode-server/bin/e10f2369d0d9614a452462f2e01cdc4aa9486296/out/vs/workbench/api/node/extensionHostProcess.js:31:7166)
	at T.B (file:///home/dannydevelops82/.vscode-server/bin/e10f2369d0d9614a452462f2e01cdc4aa9486296/out/vs/workbench/api/node/extensionHostProcess.js:29:732)
	at T.fire (file:///home/dannydevelops82/.vscode-server/bin/e10f2369d0d9614a452462f2e01cdc4aa9486296/out/vs/workbench/api/node/extensionHostProcess.js:29:950)
	at _2.z (file:///home/dannydevelops82/.vscode-server/bin/e10f2369d0d9614a452462f2e01cdc4aa9486296/out/vs/workbench/api/node/extensionHostProcess.js:31:21892)
	at _2.acceptFrame (file:///home/dannydevelops82/.vscode-server/bin/e10f2369d0d9614a452462f2e01cdc4aa9486296/out/vs/workbench/api/node/extensionHostProcess.js:31:21698)
	at z2.n (file:///home/dannydevelops82/.vscode-server/bin/e10f2369d0d9614a452462f2e01cdc4aa9486296/out/vs/workbench/api/node/extensionHostProcess.js:31:20224)
	at file:///home/dannydevelops82/.vscode-server/bin/e10f2369d0d9614a452462f2e01cdc4aa9486296/out/vs/workbench/api/node/extensionHostProcess.js:31:17454
	at Socket.t (file:///home/dannydevelops82/.vscode-server/bin/e10f2369d0d9614a452462f2e01cdc4aa9486296/out/vs/workbench/api/node/extensionHostProcess.js:31:15393)
	at Socket.emit (node:events:519:28)
	at addChunk (node:internal/streams/readable:559:12)
	at readableAddChunkPushByteMode (node:internal/streams/readable:510:3)
	at Readable.push (node:internal/streams/readable:390:5)
	at TCP.onStreamRead (node:internal/stream_base_commons:191:23) setContext undefined
2024-10-11 10:25:41.322 [info] Extension host with pid 17368 exiting with code 0
