2024-10-11 10:25:29.658 [info] [main] Log level: Info
2024-10-11 10:25:29.658 [info] [main] Validating found git in: "git"
2024-10-11 10:25:29.658 [info] [main] Using git "2.43.0" from "git"
2024-10-11 10:25:29.658 [info] [Model][doInitialScan] Initial repository scan started
2024-10-11 10:25:29.658 [info] > git rev-parse --show-toplevel [12ms]
2024-10-11 10:25:29.658 [info] > git rev-parse --git-dir --git-common-dir [4ms]
2024-10-11 10:25:29.658 [info] [Model][openRepository] Opened repository: /home/dannydevelops82
2024-10-11 10:25:29.658 [info] > git config --get commit.template [6ms]
2024-10-11 10:25:29.663 [info] > git rev-parse --show-toplevel [5ms]
2024-10-11 10:25:29.664 [info] > git for-each-ref --format=%(refname)%00%(upstream:short)%00%(objectname)%00%(upstream:track)%00%(upstream:remotename)%00%(upstream:remoteref) refs/heads/master refs/remotes/master [3ms]
2024-10-11 10:25:29.664 [warning] [Git][getBranch] No such branch: master
2024-10-11 10:25:29.678 [info] > git for-each-ref --sort -committerdate --format %(refname) %(objectname) %(*objectname) [3ms]
2024-10-11 10:25:29.680 [info] > git rev-parse --show-toplevel [2ms]
2024-10-11 10:25:29.693 [info] > git rev-parse --show-toplevel [11ms]
2024-10-11 10:25:29.697 [info] > git rev-parse --show-toplevel [0ms]
2024-10-11 10:25:29.700 [info] > git rev-parse --show-toplevel [1ms]
2024-10-11 10:25:29.706 [info] > git rev-parse --show-toplevel [4ms]
2024-10-11 10:25:29.716 [info] [Model][doInitialScan] Initial repository scan completed - repositories (1), closed repositories (0), parent repositories (0), unsafe repositories (0)
2024-10-11 10:25:29.736 [info] > git status -z -uall [65ms]
2024-10-11 10:25:30.583 [info] > git for-each-ref --format=%(refname)%00%(upstream:short)%00%(objectname)%00%(upstream:track)%00%(upstream:remotename)%00%(upstream:remoteref) refs/heads/master refs/remotes/master [608ms]
2024-10-11 10:25:30.583 [warning] [Git][getBranch] No such branch: master
2024-10-11 10:25:30.584 [error] [GitHistoryProvider][resolveHEADMergeBase] Failed to resolve merge base for master: Error: No such branch: master.
2024-10-11 10:25:30.596 [info] > git config --get commit.template [51ms]
2024-10-11 10:25:30.601 [info] > git for-each-ref --format=%(refname)%00%(upstream:short)%00%(objectname)%00%(upstream:track)%00%(upstream:remotename)%00%(upstream:remoteref) refs/heads/master refs/remotes/master [1ms]
2024-10-11 10:25:30.601 [warning] [Git][getBranch] No such branch: master
2024-10-11 10:25:30.612 [info] > git for-each-ref --sort -committerdate --format %(refname) %(objectname) %(*objectname) [2ms]
2024-10-11 10:25:30.649 [info] > git status -z -uall [45ms]
2024-10-11 10:25:31.200 [info] > git check-ignore -v -z --stdin [2ms]
