2024-10-09 10:59:45.110 [info] [main] Log level: Info
2024-10-09 10:59:45.110 [info] [main] Validating found git in: "git"
2024-10-09 10:59:45.110 [info] [main] Using git "2.43.0" from "git"
2024-10-09 10:59:45.110 [info] [Model][doInitialScan] Initial repository scan started
2024-10-09 10:59:45.133 [info] > git rev-parse --show-toplevel [522ms]
2024-10-09 10:59:45.179 [info] > git rev-parse --git-dir --git-common-dir [33ms]
2024-10-09 10:59:45.217 [info] [Model][openRepository] Opened repository: /mnt/c/Users/barro/Desktop/swiftSite
2024-10-09 10:59:45.253 [info] > git config --get commit.template [18ms]
2024-10-09 10:59:45.328 [info] > git rev-parse --show-toplevel [81ms]
2024-10-09 10:59:45.679 [info] > git rev-parse --show-toplevel [346ms]
2024-10-09 10:59:45.685 [info] [Model][doInitialScan] Initial repository scan completed - repositories (1), closed repositories (0), parent repositories (0), unsafe repositories (0)
2024-10-09 10:59:45.971 [info] > git ls-files --stage -- /mnt/c/Users/barro/Desktop/swiftSite/index.html [157ms]
2024-10-09 10:59:45.975 [info] > git ls-files --stage -- /mnt/c/Users/barro/Desktop/swiftSite/style.css [157ms]
2024-10-09 10:59:46.431 [info] > git check-ignore -v -z --stdin [378ms]
2024-10-09 10:59:46.776 [info] > git cat-file -s 9460002e4d2e6f2a37bcf7de24c9b5b05a0b6610 [798ms]
2024-10-09 10:59:46.844 [info] > git cat-file -s 4c97232ca05b8a5485de1a84cb9c4b22c5ab9533 [869ms]
2024-10-09 10:59:46.885 [info] > git for-each-ref --format=%(refname)%00%(upstream:short)%00%(objectname)%00%(upstream:track)%00%(upstream:remotename)%00%(upstream:remoteref) refs/heads/main refs/remotes/main [1619ms]
2024-10-09 10:59:46.936 [info] > git show --textconv :index.html [1129ms]
2024-10-09 10:59:46.976 [info] > git show --textconv :style.css [1165ms]
2024-10-09 10:59:48.803 [info] > git status -z -uall [1884ms]
2024-10-09 10:59:48.867 [info] > git config --get commit.template [36ms]
2024-10-09 10:59:48.997 [info] > git for-each-ref --format=%(refname)%00%(upstream:short)%00%(objectname)%00%(upstream:track)%00%(upstream:remotename)%00%(upstream:remoteref) refs/heads/main refs/remotes/main [162ms]
2024-10-09 10:59:49.000 [info] > git for-each-ref --format=%(refname)%00%(upstream:short)%00%(objectname)%00%(upstream:track)%00%(upstream:remotename)%00%(upstream:remoteref) refs/heads/main refs/remotes/main [192ms]
2024-10-09 10:59:49.026 [info] > git config --local branch.main.vscode-merge-base [20ms]
2024-10-09 10:59:49.026 [warning] [Git][config] git config failed: Failed to execute git
2024-10-09 10:59:49.179 [info] > git status -z -uall [160ms]
2024-10-09 10:59:49.191 [info] > git reflog main --grep-reflog=branch: Created from *. [159ms]
2024-10-09 10:59:49.226 [info] > git symbolic-ref --short refs/remotes/origin/HEAD [33ms]
2024-10-09 10:59:49.226 [info] fatal: ref refs/remotes/origin/HEAD is not a symbolic ref
2024-10-09 10:59:49.313 [info] > git merge-base refs/heads/main refs/remotes/origin/main [82ms]
2024-10-09 10:59:49.333 [info] > git for-each-ref --format=%(refname)%00%(upstream:short)%00%(objectname)%00%(upstream:track)%00%(upstream:remotename)%00%(upstream:remoteref) refs/heads/main refs/remotes/main [149ms]
2024-10-09 10:59:49.353 [info] > git config --local branch.main.vscode-merge-base [12ms]
2024-10-09 10:59:49.353 [warning] [Git][config] git config failed: Failed to execute git
2024-10-09 10:59:49.429 [info] > git rev-list --count --left-right refs/heads/main...refs/remotes/origin/main [112ms]
2024-10-09 10:59:49.450 [info] > git reflog main --grep-reflog=branch: Created from *. [94ms]
2024-10-09 10:59:49.472 [info] > git symbolic-ref --short refs/remotes/origin/HEAD [19ms]
2024-10-09 10:59:49.472 [info] fatal: ref refs/remotes/origin/HEAD is not a symbolic ref
2024-10-09 10:59:49.545 [info] > git diff --name-status -z --diff-filter=ADMR 17fb27e950835d54d986605797a4d562eb6a453e...refs/remotes/origin/main [111ms]
